<?xml version="1.0" encoding="UTF-8"?>
<!-- Generated by org.testng.reporters.JUnitXMLReporter -->
<testsuite ignored="3" hostname="DESKTOP-426968J" failures="0" tests="2" name="Test" time="0.056" errors="0" timestamp="29 Sep 2022 08:55:57 GMT">
  <testcase classname="com.TestNGFramework.org.GroupsInTestNGExample1" name="testMethod1" time="0.019"/>
  <testcase classname="com.TestNGFramework.org.GroupsInTestNGExample1" name="testMethod3" time="0.004"/>
  <testcase classname="com.TestNGFramework.org.GroupsInTestNGExample1" name="testMethod2" time="0.0">
    <ignored/>
  </testcase> <!-- testMethod2 -->
  <testcase classname="com.TestNGFramework.org.GroupsInTestNGExample1" name="testMethod5" time="0.0">
    <ignored/>
  </testcase> <!-- testMethod5 -->
  <testcase classname="com.TestNGFramework.org.GroupsInTestNGExample1" name="testMethod4" time="0.0">
    <ignored/>
  </testcase> <!-- testMethod4 -->
</testsuite> <!-- Test -->
