<?xml version="1.0" encoding="UTF-8"?>
<!-- Generated by org.testng.reporters.JUnitXMLReporter -->
<testsuite ignored="0" hostname="DESKTOP-426968J" failures="0" tests="6" name="Test" time="35.287" errors="0" timestamp="24 Sep 2022 06:59:49 GMT">
  <testcase classname="com.TestNGFramework.org.AnnotationExample3" name="testMethod4" time="0.012"/>
  <testcase classname="com.TestNGFramework.org.AnnotationExample2" name="testMethod1" time="0.003"/>
  <testcase classname="com.TestNGFramework.org.AnnotationExample2" name="testMethod2" time="0.002"/>
  <testcase classname="com.TestNGFramework.org.AnnotationExample2" name="testMethod3" time="0.002"/>
  <testcase classname="com.TestNGFramework.org.AnnotationExample1" name="testMethod" time="0.003"/>
  <testcase classname="com.TestNGFramework.org.OrangeHRMLogin_Test" name="loginOfOrangeHRM" time="5.307"/>
</testsuite> <!-- Test -->
